Using pre-set license
Built from '2020.3/staging' branch; Version is '2020.3.19f1 (68f137dc9bbe) revision 6877495'; Using compiler version '192528614'; Build Type 'Release'
OS: 'Windows 10 Home; OS build 22000.675; Version 2009; 64bit' Language: 'en' Physical Memory: 16336 MB
BatchMode: 1, IsHumanControllingUs: 0, StartBugReporterOnCrash: 0, Is64bit: 1, IsPro: 0

COMMAND LINE ARGUMENTS:
E:\Unity editor\2020.3.19f1\Editor\Unity.exe
-adb2
-batchMode
-noUpm
-name
AssetImportWorker0
-projectPath
E:/Github/winrar-x64-600.exe/idkf/Wintruz-2D
-logFile
Logs/AssetImportWorker0.log
-srvPort
53019
Successfully changed project path to: E:/Github/winrar-x64-600.exe/idkf/Wintruz-2D
E:/Github/winrar-x64-600.exe/idkf/Wintruz-2D
Using Asset Import Pipeline V2.
Refreshing native plugins compatible for Editor in 68.64 ms, found 3 plugins.
Preloading 0 native plugins for Editor in 0.00 ms.
Initialize engine version: 2020.3.19f1 (68f137dc9bbe)
[Subsystems] Discovering subsystems at path E:/Unity editor/2020.3.19f1/Editor/Data/Resources/UnitySubsystems
[Subsystems] Discovering subsystems at path E:/Github/winrar-x64-600.exe/idkf/Wintruz-2D/Assets
GfxDevice: creating device client; threaded=0
Direct3D:
    Version:  Direct3D 11.0 [level 11.1]
    Renderer: NVIDIA GeForce GTX 1660 (ID=0x2184)
    Vendor:   
    VRAM:     5992 MB
    Driver:   30.0.15.1277
Initialize mono
Mono path[0] = 'E:/Unity editor/2020.3.19f1/Editor/Data/Managed'
Mono path[1] = 'E:/Unity editor/2020.3.19f1/Editor/Data/MonoBleedingEdge/lib/mono/unityjit'
Mono config path = 'E:/Unity editor/2020.3.19f1/Editor/Data/MonoBleedingEdge/etc'
Using monoOptions --debugger-agent=transport=dt_socket,embedding=1,server=y,suspend=n,address=127.0.0.1:56832
Begin MonoManager ReloadAssembly
Registering precompiled unity dll's ...
Register platform support module: E:/Unity editor/2020.3.19f1/Editor/Data/PlaybackEngines/WindowsStandaloneSupport/UnityEditor.WindowsStandalone.Extensions.dll
Registered in 0.001339 seconds.
Native extension for WindowsStandalone target not found
Refreshing native plugins compatible for Editor in 78.66 ms, found 3 plugins.
Preloading 0 native plugins for Editor in 0.00 ms.
Mono: successfully reloaded assembly
- Completed reload, in  1.508 seconds
Domain Reload Profiling:
	ReloadAssembly (1508ms)
		BeginReloadAssembly (77ms)
			ExecutionOrderSort (0ms)
			DisableScriptedObjects (0ms)
			BackupInstance (0ms)
			ReleaseScriptingObjects (0ms)
			CreateAndSetChildDomain (1ms)
		EndReloadAssembly (526ms)
			LoadAssemblies (77ms)
			RebuildTransferFunctionScriptingTraits (0ms)
			SetupTypeCache (165ms)
			ReleaseScriptCaches (0ms)
			RebuildScriptCaches (34ms)
			SetupLoadedEditorAssemblies (254ms)
				LogAssemblyErrors (0ms)
				InitializePlatformSupportModulesInManaged (4ms)
				SetLoadedEditorAssemblies (0ms)
				RefreshPlugins (79ms)
				BeforeProcessingInitializeOnLoad (33ms)
				ProcessInitializeOnLoadAttributes (105ms)
				ProcessInitializeOnLoadMethodAttributes (32ms)
				AfterProcessingInitializeOnLoad (0ms)
				EditorAssembliesLoaded (0ms)
			ExecutionOrderSort2 (0ms)
			AwakeInstancesAfterBackupRestoration (0ms)
Platform modules already initialized, skipping
Registering precompiled user dll's ...
Registered in 0.003599 seconds.
Begin MonoManager ReloadAssembly
Native extension for WindowsStandalone target not found
Refreshing native plugins compatible for Editor in 67.41 ms, found 3 plugins.
Preloading 0 native plugins for Editor in 0.00 ms.
Mono: successfully reloaded assembly
- Completed reload, in  1.322 seconds
Domain Reload Profiling:
	ReloadAssembly (1323ms)
		BeginReloadAssembly (174ms)
			ExecutionOrderSort (0ms)
			DisableScriptedObjects (5ms)
			BackupInstance (0ms)
			ReleaseScriptingObjects (0ms)
			CreateAndSetChildDomain (19ms)
		EndReloadAssembly (1083ms)
			LoadAssemblies (123ms)
			RebuildTransferFunctionScriptingTraits (0ms)
			SetupTypeCache (342ms)
			ReleaseScriptCaches (1ms)
			RebuildScriptCaches (62ms)
			SetupLoadedEditorAssemblies (435ms)
				LogAssemblyErrors (0ms)
				InitializePlatformSupportModulesInManaged (4ms)
				SetLoadedEditorAssemblies (0ms)
				RefreshPlugins (67ms)
				BeforeProcessingInitializeOnLoad (90ms)
				ProcessInitializeOnLoadAttributes (255ms)
				ProcessInitializeOnLoadMethodAttributes (16ms)
				AfterProcessingInitializeOnLoad (3ms)
				EditorAssembliesLoaded (0ms)
			ExecutionOrderSort2 (0ms)
			AwakeInstancesAfterBackupRestoration (8ms)
Platform modules already initialized, skipping
========================================================================
Worker process is ready to serve import requests
Launched and connected shader compiler UnityShaderCompiler.exe after 0.07 seconds
Refreshing native plugins compatible for Editor in 0.68 ms, found 3 plugins.
Preloading 0 native plugins for Editor in 0.00 ms.
Unloading 2461 Unused Serialized files (Serialized files now loaded: 0)
System memory in use before: 113.5 MB.
System memory in use after: 113.7 MB.

Unloading 26 unused Assets to reduce memory usage. Loaded Objects now: 2901.
Total: 4.183600 ms (FindLiveObjects: 0.270800 ms CreateObjectMapping: 0.063400 ms MarkObjects: 3.756700 ms  DeleteObjects: 0.091000 ms)

AssetImportParameters requested are different than current active one (requested -> active):
  custom:framework-win-MediaFoundation: 216162199b28c13a410421893ffa2e32 -> 
  custom:video-decoder-ogg-theora: a1e56fd34408186e4bbccfd4996cb3dc -> 
  custom:container-muxer-webm: aa71ff27fc2769a1b78a27578f13a17b -> 
  custom:container-demuxer-webm: 4f35f7cbe854078d1ac9338744f61a02 -> 
  custom:container-demuxer-ogg: 62fdf1f143b41e24485cea50d1cbac27 -> 
  custom:video-encoder-webm-vp8: eb34c28f22e8b96e1ab97ce403110664 -> 
  custom:video-decoder-webm-vp8: 9c59270c3fd7afecdb556c50c9e8de78 -> 
  custom:audio-decoder-ogg-vorbis: bf7c407c2cedff20999df2af8eb42d56 -> 
  custom:audio-encoder-webm-vorbis: bf7c407c2cedff20999df2af8eb42d56 -> 
========================================================================
Received Import Request.
  path: Assets/Scenes/Level2.unity
  artifactKey: Guid(260e02e6c2c01764f8310606f77a9377) Importer(815301076,1909f56bfc062723c751e8b465ee728b)
Start importing Assets/Scenes/Level2.unity using Guid(260e02e6c2c01764f8310606f77a9377) Importer(815301076,1909f56bfc062723c751e8b465ee728b)  -> (artifact id: 'bcc5f7128e1be4e6e67ab002c84fb17b') in 0.020448 seconds 
  Import took 0.024698 seconds .

========================================================================
Received Import Request.
  Time since last request: 11.498168 seconds.
  path: Assets/Level1/BloodMoonTower_cover_free_version.gif
  artifactKey: Guid(98b6a1ccb1a80ac49a2ec35ba1457bf6) Importer(815301076,1909f56bfc062723c751e8b465ee728b)
Start importing Assets/Level1/BloodMoonTower_cover_free_version.gif using Guid(98b6a1ccb1a80ac49a2ec35ba1457bf6) Importer(815301076,1909f56bfc062723c751e8b465ee728b)  -> (artifact id: '77782e491066933de60b15929679dd62') in 0.135518 seconds 
  Import took 0.140400 seconds .

========================================================================
Received Import Request.
  Time since last request: 0.000180 seconds.
  path: Assets/Level1/RedMoonTower_free_idle_animation..png
  artifactKey: Guid(1b30c5ee863e01949b71bf8c1f4c3f61) Importer(815301076,1909f56bfc062723c751e8b465ee728b)
Start importing Assets/Level1/RedMoonTower_free_idle_animation..png using Guid(1b30c5ee863e01949b71bf8c1f4c3f61) Importer(815301076,1909f56bfc062723c751e8b465ee728b)  -> (artifact id: '154e5f9a5307126d694e46a12cb876be') in 0.049323 seconds 
  Import took 0.053810 seconds .

========================================================================
Received Import Request.
  Time since last request: 124.230393 seconds.
  path: Assets/Resources
  artifactKey: Guid(3b3a57ebd02657948ba48d3e11ff7c4f) Importer(815301076,1909f56bfc062723c751e8b465ee728b)
Start importing Assets/Resources using Guid(3b3a57ebd02657948ba48d3e11ff7c4f) Importer(815301076,1909f56bfc062723c751e8b465ee728b)  -> (artifact id: '78fd34993219376e85465ebdb0c5122b') in 0.005834 seconds 
  Import took 0.010003 seconds .

========================================================================
Received Import Request.
  Time since last request: 8.675246 seconds.
  path: Assets/Resources/Prefabs
  artifactKey: Guid(517dde86542b3c641a4e3fff3adf6cab) Importer(815301076,1909f56bfc062723c751e8b465ee728b)
Start importing Assets/Resources/Prefabs using Guid(517dde86542b3c641a4e3fff3adf6cab) Importer(815301076,1909f56bfc062723c751e8b465ee728b)  -> (artifact id: 'f5de889ab7421f345c55d31c0db8b818') in 0.006080 seconds 
  Import took 0.010038 seconds .

========================================================================
Received Import Request.
  Time since last request: 0.044319 seconds.
  path: Assets/Resources/Prefabs/Bullet (8) Variant.prefab
  artifactKey: Guid(3f40136eb08a5394fa4ce314bd0661c2) Importer(815301076,1909f56bfc062723c751e8b465ee728b)
Start importing Assets/Resources/Prefabs/Bullet (8) Variant.prefab using Guid(3f40136eb08a5394fa4ce314bd0661c2) Importer(815301076,1909f56bfc062723c751e8b465ee728b)  -> (artifact id: '35bcf78ce6ba35e9bc1c78c8dbd0cb9c') in 0.072976 seconds 
  Import took 0.076869 seconds .

========================================================================
Received Import Request.
  Time since last request: 0.000154 seconds.
  path: Assets/Resources/Prefabs/Bullet.prefab
  artifactKey: Guid(1b7e2cb39f059a448af0cda581610fee) Importer(815301076,1909f56bfc062723c751e8b465ee728b)
Start importing Assets/Resources/Prefabs/Bullet.prefab using Guid(1b7e2cb39f059a448af0cda581610fee) Importer(815301076,1909f56bfc062723c751e8b465ee728b)  -> (artifact id: '04121aa11cf6498e995dc05b4cc745fa') in 0.013159 seconds 
  Import took 0.016882 seconds .

========================================================================
Received Import Request.
  Time since last request: 0.000179 seconds.
  path: Assets/Resources/Prefabs/Circle.prefab
  artifactKey: Guid(fea837d390e975b4298898aca075e95f) Importer(815301076,1909f56bfc062723c751e8b465ee728b)
Start importing Assets/Resources/Prefabs/Circle.prefab using Guid(fea837d390e975b4298898aca075e95f) Importer(815301076,1909f56bfc062723c751e8b465ee728b)  -> (artifact id: 'ab24de1039c5418664e5ec14d361a7a7') in 0.013157 seconds 
  Import took 0.017424 seconds .

========================================================================
Received Import Request.
  Time since last request: 0.000238 seconds.
  path: Assets/Resources/Prefabs/SnowStormEffect.prefab
  artifactKey: Guid(2374424cb73751d44962de26cdde43c4) Importer(815301076,1909f56bfc062723c751e8b465ee728b)
Start importing Assets/Resources/Prefabs/SnowStormEffect.prefab using Guid(2374424cb73751d44962de26cdde43c4) Importer(815301076,1909f56bfc062723c751e8b465ee728b)  -> (artifact id: '1a34cf0de2dbdd1ff1c41072e467ac49') in 0.012965 seconds 
  Import took 0.017135 seconds .

========================================================================
Received Import Request.
  Time since last request: 4.178205 seconds.
  path: Assets/Resources/Prefabs/Bullet (8) Variant.prefab
  artifactKey: Guid(3f40136eb08a5394fa4ce314bd0661c2) Importer(815301076,1909f56bfc062723c751e8b465ee728b)
Start importing Assets/Resources/Prefabs/Bullet (8) Variant.prefab using Guid(3f40136eb08a5394fa4ce314bd0661c2) Importer(815301076,1909f56bfc062723c751e8b465ee728b)  -> (artifact id: 'b231dbe30c9615028db42b70342e2dc9') in 0.009338 seconds 
  Import took 0.013668 seconds .

========================================================================
Received Import Request.
  Time since last request: 0.000206 seconds.
  path: Assets/Resources/Prefabs/Bullet.prefab
  artifactKey: Guid(1b7e2cb39f059a448af0cda581610fee) Importer(815301076,1909f56bfc062723c751e8b465ee728b)
Start importing Assets/Resources/Prefabs/Bullet.prefab using Guid(1b7e2cb39f059a448af0cda581610fee) Importer(815301076,1909f56bfc062723c751e8b465ee728b)  -> (artifact id: '21dbe0f117f333d3a5c1398cf1d73d57') in 0.010522 seconds 
  Import took 0.015166 seconds .

========================================================================
Received Import Request.
  Time since last request: 3.210301 seconds.
  path: Assets/Resources/Prefabs/Bullet (8) Variant.prefab
  artifactKey: Guid(3f40136eb08a5394fa4ce314bd0661c2) Importer(815301076,1909f56bfc062723c751e8b465ee728b)
Start importing Assets/Resources/Prefabs/Bullet (8) Variant.prefab using Guid(3f40136eb08a5394fa4ce314bd0661c2) Importer(815301076,1909f56bfc062723c751e8b465ee728b)  -> (artifact id: '71a3482f60e84ca647a2babe8ddbe3ff') in 0.009585 seconds 
  Import took 0.013987 seconds .

========================================================================
Received Import Request.
  Time since last request: 0.000186 seconds.
  path: Assets/Resources/Prefabs/Bullet.prefab
  artifactKey: Guid(1b7e2cb39f059a448af0cda581610fee) Importer(815301076,1909f56bfc062723c751e8b465ee728b)
Start importing Assets/Resources/Prefabs/Bullet.prefab using Guid(1b7e2cb39f059a448af0cda581610fee) Importer(815301076,1909f56bfc062723c751e8b465ee728b)  -> (artifact id: 'deff2247afb1447e26c6751632b9b636') in 0.011118 seconds 
  Import took 0.015048 seconds .

AssetImportWorkerClient::OnTransportError - code=2 error=End of file
